Looking for git in: git
Using git 2.17.1 from git
> git rev-parse --show-toplevel
> git config --get commit.template
Open repository: /home/austin
> git status -z -u
> git check-ignore -z --stdin
> git check-ignore -z --stdin
> git check-ignore -z --stdin
> git check-ignore -z --stdin
> git check-ignore -z --stdin
> git show :Quotes/src/app/quote-details/quote-details.component.css
> git ls-files --stage -- Quotes/src/app/quote-details/
> git check-ignore -z --stdin
> git check-ignore -z --stdin
> git show :Quotes/src/app/app.component.css
> git ls-files --stage -- Quotes/src/app/
> git show :Quotes/src/app/app.component.ts
> git ls-files --stage -- Quotes/src/app/
> git show :Quotes/src/app/date-count.pipe.spec.ts
> git ls-files --stage -- Quotes/src/app/
> git show :Quotes/src/app/date-count.pipe.ts
> git ls-files --stage -- Quotes/src/app/
> git show :Quotes/src/app/quote/quote.component.css
> git ls-files --stage -- Quotes/src/app/quote/
> git show :Quotes/src/app/quote/quote.component.html
> git ls-files --stage -- Quotes/src/app/quote/
> git show :Quotes/src/app/quote/quote.component.spec.ts
> git ls-files --stage -- Quotes/src/app/quote/
> git show :Quotes/src/app/quote/quote.component.ts
> git ls-files --stage -- Quotes/src/app/quote/
> git show :Quotes/src/app/quote-details/quote-details.component.html
> git ls-files --stage -- Quotes/src/app/quote-details/
> git show :Quotes/src/app/quote-details/quote-details.component.ts
> git ls-files --stage -- Quotes/src/app/quote-details/
> git show :Quotes/src/app/quote-details/quote-details.component.html
> git ls-files --stage -- Quotes/src/app/quote-details/
> git show :Quotes/src/app/quote-form/quote-form.component.html
> git ls-files --stage -- Quotes/src/app/quote-form/
> git check-ignore -z --stdin
> git show :Quotes/src/app/quote.ts
> git ls-files --stage -- Quotes/src/app/
> git show :Quotes/src/styles.css
> git ls-files --stage -- Quotes/src/
> git show :Quotes/src/index.html
> git ls-files --stage -- Quotes/src/
> git show :Quotes/src/styles.css
> git ls-files --stage -- Quotes/src/
> git show :Quotes/src/app/quote/quote.component.css
> git ls-files --stage -- Quotes/src/app/quote/
> git show :Quotes/src/styles.css
> git ls-files --stage -- Quotes/src/
> git show :Quotes/src/app/date-count.pipe.ts
> git ls-files --stage -- Quotes/src/app/
> git show :Quotes/src/app/quote/quote.component.html
> git ls-files --stage -- Quotes/src/app/quote/
> git show :Quotes/src/app/date-count.pipe.ts
> git ls-files --stage -- Quotes/src/app/
> git show :Quotes/node_modules/@angular/core/core.d.ts
> git ls-files --stage -- Quotes/node_modules/@angular/core/
> git check-ignore -z --stdin
> git show :Quotes/src/app/date-count.pipe.ts
> git ls-files --stage -- Quotes/src/app/
> git check-ignore -z --stdin
> git show :Quotes/src/app/quote/quote.component.html
> git ls-files --stage -- Quotes/src/app/quote/
> git show :Quotes/src/app/date-count.pipe.ts
> git ls-files --stage -- Quotes/src/app/
> git show :Quotes/src/app/quote/quote.component.html
> git ls-files --stage -- Quotes/src/app/quote/
> git check-ignore -z --stdin
> git show :Quotes/src/app/quote-form/quote-form.component.html
> git ls-files --stage -- Quotes/src/app/quote-form/
> git show :Quotes/src/app/date-count.pipe.ts
> git ls-files --stage -- Quotes/src/app/
> git show :Quotes/src/app/quote-form/quote-form.component.html
> git ls-files --stage -- Quotes/src/app/quote-form/
> git show :Quotes/src/app/quote.ts
> git ls-files --stage -- Quotes/src/app/
> git show :Quotes/README.md
> git ls-files --stage -- Quotes/
> git show :Quotes/src/app/quote-form/quote-form.component.html
> git ls-files --stage -- Quotes/src/app/quote-form/
> git show :Quotes/src/app/quote/quote.component.html
> git ls-files --stage -- Quotes/src/app/quote/
> git show :Quotes/src/app/quote/quote.component.ts
> git ls-files --stage -- Quotes/src/app/quote/
> git show :Quotes/src/app/quote/quote.component.html
> git ls-files --stage -- Quotes/src/app/quote/
> git show :Quotes/src/app/quote/quote.component.css
> git ls-files --stage -- Quotes/src/app/quote/
> git show :Quotes/src/app/quote/quote.component.ts
> git ls-files --stage -- Quotes/src/app/quote/
> git show :Quotes/src/app/quote/quote.component.css
> git ls-files --stage -- Quotes/src/app/quote/
> git show :Quotes/src/app/quote/quote.component.ts
> git show :Quotes/src/app/quote/quote.component.css
> git show :Quotes/src/app/quote/quote.component.ts
> git show :Quotes/src/app/quote-details/quote-details.component.css
> git show :Quotes/src/app/quote-details/quote-details.component.ts
> git show :Quotes/src/app/quote-details/quote-details.component.html
> git show :Quotes/src/app/quote-details/quote-details.component.spec.ts
> git show :Quotes/src/app/quote-details/quote-details.component.css
> git show :Quotes/src/app/quote-details/quote-details.component.html
> git show :Quotes/src/app/quote-form/quote-form.component.html
> git show :Quotes/src/app/quote/quote.component.ts
> git show :Quotes/src/app/date-count.pipe.ts
> git show :Quotes/src/app/app.component.ts
> git show :Quotes/src/app/app.component.html
> git show :Quotes/src/app/quote/quote.component.html
> git show :Quotes/src/app/quote/quote.component.ts
> git show :Quotes/src/app/quote-form/quote-form.component.html
> git show :Quotes/src/app/quote/quote.component.ts
> git show :Quotes/src/app/quote/quote.component.html
> git show :Quotes/src/app/quote/quote.component.ts
> git show :Quotes/src/app/quote.ts
> git show :Quotes/src/app/quote/quote.component.ts
> git show :Quotes/src/app/quote/quote.component.css
> git show :Quotes/src/app/quote/quote.component.ts
> git show :Quotes/src/app/quote/quote.component.css
> git show :Quotes/src/app/quote/quote.component.ts
> git show :Quotes/src/app/quote/quote.component.css
> git show :Quotes/src/app/quote-form/quote-form.component.html
> git show :Quotes/src/app/quote/quote.component.ts
> git show :Quotes/src/app/quote/quote.component.css
> git show :Quotes/src/app/quote/quote.component.ts
> git show :Quotes/src/app/quote/quote.component.css
